2020-10-19T17:28:59.909509Z 0 [Warning] TIMESTAMP with implicit DEFAULT value is deprecated. Please use --explicit_defaults_for_timestamp server option (see documentation for more details).
2020-10-19T17:28:59.909606Z 0 [Note] --secure-file-priv is set to NULL. Operations related to importing and exporting data are disabled
2020-10-19T17:28:59.910418Z 0 [Note] C:\wamp2019\bin\mysql\mysql5.7.26\bin\mysqld (mysqld 5.7.26) starting as process 20316 ...
2020-10-19T17:29:09.931338Z 0 [Warning] TIMESTAMP with implicit DEFAULT value is deprecated. Please use --explicit_defaults_for_timestamp server option (see documentation for more details).
2020-10-19T17:29:09.931433Z 0 [Note] --secure-file-priv is set to NULL. Operations related to importing and exporting data are disabled
2020-10-19T17:29:09.931936Z 0 [Note] C:\wamp2019\bin\mysql\mysql5.7.26\bin\mysqld (mysqld 5.7.26) starting as process 35032 ...
2020-10-19T17:29:09.946787Z 0 [Note] InnoDB: Mutexes and rw_locks use Windows interlocked functions
2020-10-19T17:29:09.947709Z 0 [Note] InnoDB: Uses event mutexes
2020-10-19T17:29:09.948163Z 0 [Note] InnoDB: _mm_lfence() and _mm_sfence() are used for memory barrier
2020-10-19T17:29:09.948833Z 0 [Note] InnoDB: Compressed tables use zlib 1.2.11
2020-10-19T17:29:09.949714Z 0 [Note] InnoDB: Number of pools: 1
2020-10-19T17:29:09.950309Z 0 [Note] InnoDB: Not using CPU crc32 instructions
2020-10-19T17:29:09.955981Z 0 [Note] InnoDB: Initializing buffer pool, total size = 128M, instances = 1, chunk size = 128M
2020-10-19T17:29:09.964010Z 0 [Note] InnoDB: Completed initialization of buffer pool
2020-10-19T17:29:09.994073Z 0 [Note] InnoDB: Highest supported file format is Barracuda.
2020-10-19T17:29:10.058165Z 0 [Note] InnoDB: Creating shared tablespace for temporary tables
2020-10-19T17:29:10.059559Z 0 [Note] InnoDB: Setting file '.\ibtmp1' size to 12 MB. Physically writing the file full; Please wait ...
2020-10-19T17:29:10.113602Z 0 [Note] InnoDB: File '.\ibtmp1' size is now 12 MB.
2020-10-19T17:29:10.116553Z 0 [Note] InnoDB: 96 redo rollback segment(s) found. 96 redo rollback segment(s) are active.
2020-10-19T17:29:10.117337Z 0 [Note] InnoDB: 32 non-redo rollback segment(s) are active.
2020-10-19T17:29:10.118293Z 0 [Note] InnoDB: Waiting for purge to start
2020-10-19T17:29:10.169724Z 0 [Note] InnoDB: 5.7.26 started; log sequence number 2526248
2020-10-19T17:29:10.170906Z 0 [Note] Plugin 'FEDERATED' is disabled.
2020-10-19T17:29:10.170968Z 0 [Note] InnoDB: Loading buffer pool(s) from C:\wamp2019\www\laraclean\public\mysql\ib_buffer_pool
2020-10-19T17:29:10.183659Z 0 [Warning] Failed to set up SSL because of the following SSL library error: SSL context is not usable without certificate and private key
2020-10-19T17:29:10.184808Z 0 [Note] Server hostname (bind-address): '*'; port: 3306
2020-10-19T17:29:10.185662Z 0 [Note] IPv6 is available.
2020-10-19T17:29:10.186083Z 0 [Note]   - '::' resolves to '::';
2020-10-19T17:29:10.186588Z 0 [Note] Server socket created on IP: '::'.
2020-10-19T17:29:10.196443Z 0 [Note] InnoDB: Buffer pool(s) load completed at 201019 19:29:10
2020-10-19T17:29:10.232388Z 0 [Note] Event Scheduler: Loaded 0 events
2020-10-19T17:29:10.233213Z 0 [Note] C:\wamp2019\bin\mysql\mysql5.7.26\bin\mysqld: ready for connections.
Version: '5.7.26'  socket: ''  port: 3306  MySQL Community Server (GPL)
2020-10-19T17:35:33.890302Z 0 [Warning] TIMESTAMP with implicit DEFAULT value is deprecated. Please use --explicit_defaults_for_timestamp server option (see documentation for more details).
2020-10-19T17:35:33.890391Z 0 [Note] --secure-file-priv is set to NULL. Operations related to importing and exporting data are disabled
2020-10-19T17:35:33.890831Z 0 [Note] C:\wamp2019\bin\mysql\mysql5.7.26\bin\mysqld (mysqld 5.7.26) starting as process 6412 ...
2020-10-26T08:46:16.717637Z 0 [Note] C:\wamp2019\bin\mysql\mysql5.7.26\bin\mysqld: Normal shutdown

2020-10-26T08:46:16.723127Z 0 [Note] Giving 0 client threads a chance to die gracefully
2020-10-26T08:46:16.723642Z 0 [Note] Shutting down slave threads
2020-10-26T08:46:16.724319Z 0 [Note] Forcefully disconnecting 0 remaining clients
2020-10-26T08:46:16.725600Z 0 [Note] Event Scheduler: Purging the queue. 0 events
2020-10-26T08:46:16.727819Z 0 [Note] Binlog end
2020-10-26T08:46:16.766642Z 0 [Note] Shutting down plugin 'ngram'
2020-10-26T08:46:16.767238Z 0 [Note] Shutting down plugin 'partition'
2020-10-26T08:46:16.767628Z 0 [Note] Shutting down plugin 'BLACKHOLE'
2020-10-26T08:46:16.768210Z 0 [Note] Shutting down plugin 'ARCHIVE'
2020-10-26T08:46:16.768623Z 0 [Note] Shutting down plugin 'PERFORMANCE_SCHEMA'
2020-10-26T08:46:16.769102Z 0 [Note] Shutting down plugin 'MRG_MYISAM'
2020-10-26T08:46:16.769688Z 0 [Note] Shutting down plugin 'MyISAM'
2020-10-26T08:46:16.770263Z 0 [Note] Shutting down plugin 'INNODB_SYS_VIRTUAL'
2020-10-26T08:46:16.770897Z 0 [Note] Shutting down plugin 'INNODB_SYS_DATAFILES'
2020-10-26T08:46:16.771354Z 0 [Note] Shutting down plugin 'INNODB_SYS_TABLESPACES'
2020-10-26T08:46:16.771809Z 0 [Note] Shutting down plugin 'INNODB_SYS_FOREIGN_COLS'
2020-10-26T08:46:16.772266Z 0 [Note] Shutting down plugin 'INNODB_SYS_FOREIGN'
2020-10-26T08:46:16.772693Z 0 [Note] Shutting down plugin 'INNODB_SYS_FIELDS'
2020-10-26T08:46:16.773118Z 0 [Note] Shutting down plugin 'INNODB_SYS_COLUMNS'
2020-10-26T08:46:16.773547Z 0 [Note] Shutting down plugin 'INNODB_SYS_INDEXES'
2020-10-26T08:46:16.773975Z 0 [Note] Shutting down plugin 'INNODB_SYS_TABLESTATS'
2020-10-26T08:46:16.774420Z 0 [Note] Shutting down plugin 'INNODB_SYS_TABLES'
2020-10-26T08:46:16.774843Z 0 [Note] Shutting down plugin 'INNODB_FT_INDEX_TABLE'
2020-10-26T08:46:16.775289Z 0 [Note] Shutting down plugin 'INNODB_FT_INDEX_CACHE'
2020-10-26T08:46:16.775737Z 0 [Note] Shutting down plugin 'INNODB_FT_CONFIG'
2020-10-26T08:46:16.776159Z 0 [Note] Shutting down plugin 'INNODB_FT_BEING_DELETED'
2020-10-26T08:46:16.776615Z 0 [Note] Shutting down plugin 'INNODB_FT_DELETED'
2020-10-26T08:46:16.777041Z 0 [Note] Shutting down plugin 'INNODB_FT_DEFAULT_STOPWORD'
2020-10-26T08:46:16.777513Z 0 [Note] Shutting down plugin 'INNODB_METRICS'
2020-10-26T08:46:16.777937Z 0 [Note] Shutting down plugin 'INNODB_TEMP_TABLE_INFO'
2020-10-26T08:46:16.778393Z 0 [Note] Shutting down plugin 'INNODB_BUFFER_POOL_STATS'
2020-10-26T08:46:16.778854Z 0 [Note] Shutting down plugin 'INNODB_BUFFER_PAGE_LRU'
2020-10-26T08:46:16.779311Z 0 [Note] Shutting down plugin 'INNODB_BUFFER_PAGE'
2020-10-26T08:46:16.779745Z 0 [Note] Shutting down plugin 'INNODB_CMP_PER_INDEX_RESET'
2020-10-26T08:46:16.780221Z 0 [Note] Shutting down plugin 'INNODB_CMP_PER_INDEX'
2020-10-26T08:46:16.780662Z 0 [Note] Shutting down plugin 'INNODB_CMPMEM_RESET'
2020-10-26T08:46:16.781099Z 0 [Note] Shutting down plugin 'INNODB_CMPMEM'
2020-10-26T08:46:16.781502Z 0 [Note] Shutting down plugin 'INNODB_CMP_RESET'
2020-10-26T08:46:16.781921Z 0 [Note] Shutting down plugin 'INNODB_CMP'
2020-10-26T08:46:16.782409Z 0 [Note] Shutting down plugin 'INNODB_LOCK_WAITS'
2020-10-26T08:46:16.782849Z 0 [Note] Shutting down plugin 'INNODB_LOCKS'
2020-10-26T08:46:16.783259Z 0 [Note] Shutting down plugin 'INNODB_TRX'
2020-10-26T08:46:16.783686Z 0 [Note] Shutting down plugin 'InnoDB'
2020-10-26T08:46:16.786339Z 0 [Note] InnoDB: FTS optimize thread exiting.
2020-10-26T08:46:16.787048Z 0 [Note] InnoDB: Starting shutdown...
2020-10-26T08:46:16.907107Z 0 [Note] InnoDB: Dumping buffer pool(s) to C:\wamp2019\www\laraclean\public\mysql\ib_buffer_pool
2020-10-26T08:46:16.912877Z 0 [Note] InnoDB: Buffer pool(s) dump completed at 201026  9:46:16
2020-10-26T08:46:18.078184Z 0 [Note] InnoDB: Shutdown completed; log sequence number 2526276
2020-10-26T08:46:18.080265Z 0 [Note] InnoDB: Removed temporary tablespace data file: "ibtmp1"
2020-10-26T08:46:18.080804Z 0 [Note] Shutting down plugin 'MEMORY'
2020-10-26T08:46:18.081399Z 0 [Note] Shutting down plugin 'CSV'
2020-10-26T08:46:18.081772Z 0 [Note] Shutting down plugin 'sha256_password'
2020-10-26T08:46:18.082221Z 0 [Note] Shutting down plugin 'mysql_native_password'
2020-10-26T08:46:18.083848Z 0 [Note] Shutting down plugin 'binlog'
2020-10-26T08:46:18.086543Z 0 [Note] C:\wamp2019\bin\mysql\mysql5.7.26\bin\mysqld: Shutdown complete

